[0720/175815.084:ERROR:file_io.cc(134)] WriteFile: The pipe is being closed. (0xE8)
[0927/163705.966:ERROR:process_memory_win.cc(73)] ReadMemory at 0x7b7000 of 36864 bytes failed: Only part of a ReadProcessMemory or WriteProcessMemory request was completed. (0x12B)
[0927/163706.249:ERROR:process_memory_win.cc(73)] ReadMemory at 0x69fe000 of 8192 bytes failed: Only part of a ReadProcessMemory or WriteProcessMemory request was completed. (0x12B)
[0927/163706.249:ERROR:process_memory_win.cc(73)] ReadMemory at 0x6b36000 of 40960 bytes failed: Only part of a ReadProcessMemory or WriteProcessMemory request was completed. (0x12B)
[0927/163706.249:ERROR:process_memory_win.cc(73)] ReadMemory at 0x6c7e000 of 8192 bytes failed: Only part of a ReadProcessMemory or WriteProcessMemory request was completed. (0x12B)
[0927/163706.265:ERROR:process_memory_win.cc(73)] ReadMemory at 0x6dbe000 of 8192 bytes failed: Only part of a ReadProcessMemory or WriteProcessMemory request was completed. (0x12B)
[0927/163706.265:ERROR:process_memory_win.cc(73)] ReadMemory at 0x6f7f000 of 4096 bytes failed: Only part of a ReadProcessMemory or WriteProcessMemory request was completed. (0x12B)
[0927/163706.265:ERROR:process_memory_win.cc(73)] ReadMemory at 0x70be000 of 8192 bytes failed: Only part of a ReadProcessMemory or WriteProcessMemory request was completed. (0x12B)
[0927/163706.265:ERROR:process_memory_win.cc(73)] ReadMemory at 0x743e000 of 8192 bytes failed: Only part of a ReadProcessMemory or WriteProcessMemory request was completed. (0x12B)
[0927/163706.265:ERROR:process_memory_win.cc(73)] ReadMemory at 0x757e000 of 8192 bytes failed: Only part of a ReadProcessMemory or WriteProcessMemory request was completed. (0x12B)
[0927/163706.265:ERROR:process_memory_win.cc(73)] ReadMemory at 0x76be000 of 8192 bytes failed: Only part of a ReadProcessMemory or WriteProcessMemory request was completed. (0x12B)
[0927/163706.265:ERROR:process_memory_win.cc(73)] ReadMemory at 0x77fe000 of 8192 bytes failed: Only part of a ReadProcessMemory or WriteProcessMemory request was completed. (0x12B)
[0927/163706.265:ERROR:process_memory_win.cc(73)] ReadMemory at 0x793e000 of 8192 bytes failed: Only part of a ReadProcessMemory or WriteProcessMemory request was completed. (0x12B)
[0927/163706.265:ERROR:process_memory_win.cc(73)] ReadMemory at 0x7a7e000 of 8192 bytes failed: Only part of a ReadProcessMemory or WriteProcessMemory request was completed. (0x12B)
[0927/163706.265:ERROR:process_memory_win.cc(73)] ReadMemory at 0x83b6000 of 40960 bytes failed: Only part of a ReadProcessMemory or WriteProcessMemory request was completed. (0x12B)
[0927/163706.265:ERROR:process_memory_win.cc(73)] ReadMemory at 0x881e000 of 8192 bytes failed: Only part of a ReadProcessMemory or WriteProcessMemory request was completed. (0x12B)
[0927/163706.265:ERROR:process_memory_win.cc(73)] ReadMemory at 0x8eb6000 of 40960 bytes failed: Only part of a ReadProcessMemory or WriteProcessMemory request was completed. (0x12B)
[0927/163706.265:ERROR:process_memory_win.cc(73)] ReadMemory at 0x5bcf80 of 688 bytes failed: Only part of a ReadProcessMemory or WriteProcessMemory request was completed. (0x12B)
[0927/163706.265:ERROR:process_memory_win.cc(73)] ReadMemory at 0x5c0000 of 3992 bytes failed: Only part of a ReadProcessMemory or WriteProcessMemory request was completed. (0x12B)
[0927/163706.265:ERROR:process_memory_win.cc(73)] ReadMemory at 0x5c3000 of 3992 bytes failed: Only part of a ReadProcessMemory or WriteProcessMemory request was completed. (0x12B)
[0927/163706.265:ERROR:process_memory_win.cc(73)] ReadMemory at 0x5c6000 of 3992 bytes failed: Only part of a ReadProcessMemory or WriteProcessMemory request was completed. (0x12B)
[0927/163706.265:ERROR:process_memory_win.cc(73)] ReadMemory at 0x5c9000 of 3992 bytes failed: Only part of a ReadProcessMemory or WriteProcessMemory request was completed. (0x12B)
[0927/163706.265:ERROR:process_memory_win.cc(73)] ReadMemory at 0x5cc000 of 3992 bytes failed: Only part of a ReadProcessMemory or WriteProcessMemory request was completed. (0x12B)
[0927/163706.265:ERROR:process_memory_win.cc(73)] ReadMemory at 0x5cf000 of 3992 bytes failed: Only part of a ReadProcessMemory or WriteProcessMemory request was completed. (0x12B)
[0927/163706.310:ERROR:process_memory_win.cc(73)] ReadMemory at 0x5d2000 of 3992 bytes failed: Only part of a ReadProcessMemory or WriteProcessMemory request was completed. (0x12B)
[0927/163706.336:ERROR:process_memory_win.cc(73)] ReadMemory at 0x5d5000 of 3992 bytes failed: Only part of a ReadProcessMemory or WriteProcessMemory request was completed. (0x12B)
[0927/163706.336:ERROR:process_memory_win.cc(73)] ReadMemory at 0x5d8000 of 3992 bytes failed: Only part of a ReadProcessMemory or WriteProcessMemory request was completed. (0x12B)
[0927/163706.336:ERROR:process_memory_win.cc(73)] ReadMemory at 0x5db000 of 3992 bytes failed: Only part of a ReadProcessMemory or WriteProcessMemory request was completed. (0x12B)
[0927/163706.336:ERROR:process_memory_win.cc(73)] ReadMemory at 0x5de000 of 3992 bytes failed: Only part of a ReadProcessMemory or WriteProcessMemory request was completed. (0x12B)
[0927/163706.337:ERROR:process_memory_win.cc(73)] ReadMemory at 0x5e1000 of 3992 bytes failed: Only part of a ReadProcessMemory or WriteProcessMemory request was completed. (0x12B)
[0927/163706.337:ERROR:process_memory_win.cc(73)] ReadMemory at 0x5e4000 of 3992 bytes failed: Only part of a ReadProcessMemory or WriteProcessMemory request was completed. (0x12B)
[0927/163706.337:ERROR:process_memory_win.cc(73)] ReadMemory at 0x5e7000 of 3992 bytes failed: Only part of a ReadProcessMemory or WriteProcessMemory request was completed. (0x12B)
[0927/163706.337:ERROR:process_memory_win.cc(73)] ReadMemory at 0x5ea000 of 3992 bytes failed: Only part of a ReadProcessMemory or WriteProcessMemory request was completed. (0x12B)
[0927/163706.338:ERROR:process_memory_win.cc(73)] ReadMemory at 0x5ed000 of 3992 bytes failed: Only part of a ReadProcessMemory or WriteProcessMemory request was completed. (0x12B)
[0927/163706.338:ERROR:process_memory_win.cc(73)] ReadMemory at 0x5000af0 of 6594 bytes failed: Only part of a ReadProcessMemory or WriteProcessMemory request was completed. (0x12B)
[0927/163706.457:ERROR:process_memory_win.cc(73)] ReadMemory at 0x50024c0 of 660 bytes failed: Only part of a ReadProcessMemory or WriteProcessMemory request was completed. (0x12B)
[0927/163706.457:ERROR:process_memory_win.cc(73)] ReadMemory at 0x5002988 of 118 bytes failed: Only part of a ReadProcessMemory or WriteProcessMemory request was completed. (0x12B)
[0927/163706.457:ERROR:process_memory_win.cc(73)] ReadMemory at 0x5002a00 of 1186 bytes failed: Only part of a ReadProcessMemory or WriteProcessMemory request was completed. (0x12B)
[0927/163706.457:ERROR:process_memory_win.cc(73)] ReadMemory at 0x5002ea4 of 118 bytes failed: Only part of a ReadProcessMemory or WriteProcessMemory request was completed. (0x12B)
[0927/163706.457:ERROR:process_memory_win.cc(73)] ReadMemory at 0x5002f1c of 100 bytes failed: Only part of a ReadProcessMemory or WriteProcessMemory request was completed. (0x12B)
[0927/163706.457:ERROR:process_memory_win.cc(73)] ReadMemory at 0x5004950 of 58 bytes failed: Only part of a ReadProcessMemory or WriteProcessMemory request was completed. (0x12B)
[0927/163706.457:ERROR:process_memory_win.cc(73)] ReadMemory at 0x5004a40 of 72 bytes failed: Only part of a ReadProcessMemory or WriteProcessMemory request was completed. (0x12B)
[0927/163706.457:ERROR:process_memory_win.cc(73)] ReadMemory at 0x5004b28 of 72 bytes failed: Only part of a ReadProcessMemory or WriteProcessMemory request was completed. (0x12B)
[0927/163706.457:ERROR:process_memory_win.cc(73)] ReadMemory at 0x5004c28 of 126 bytes failed: Only part of a ReadProcessMemory or WriteProcessMemory request was completed. (0x12B)
[0927/163706.457:ERROR:process_memory_win.cc(73)] ReadMemory at 0x5004f58 of 72 bytes failed: Only part of a ReadProcessMemory or WriteProcessMemory request was completed. (0x12B)
[0927/163706.457:ERROR:process_memory_win.cc(73)] ReadMemory at 0x5005040 of 64 bytes failed: Only part of a ReadProcessMemory or WriteProcessMemory request was completed. (0x12B)
[0927/163706.457:ERROR:process_memory_win.cc(73)] ReadMemory at 0x5005128 of 72 bytes failed: Only part of a ReadProcessMemory or WriteProcessMemory request was completed. (0x12B)
[0927/163706.457:ERROR:process_memory_win.cc(73)] ReadMemory at 0x50052c8 of 72 bytes failed: Only part of a ReadProcessMemory or WriteProcessMemory request was completed. (0x12B)
[0927/163706.457:ERROR:process_memory_win.cc(73)] ReadMemory at 0x50053b0 of 68 bytes failed: Only part of a ReadProcessMemory or WriteProcessMemory request was completed. (0x12B)
[0927/163706.457:ERROR:process_memory_win.cc(73)] ReadMemory at 0x5005ec0 of 72 bytes failed: Only part of a ReadProcessMemory or WriteProcessMemory request was completed. (0x12B)
[0927/163706.457:ERROR:process_memory_win.cc(73)] ReadMemory at 0x5005fa8 of 154 bytes failed: Only part of a ReadProcessMemory or WriteProcessMemory request was completed. (0x12B)
[0927/163706.457:ERROR:process_memory_win.cc(73)] ReadMemory at 0x5006ad8 of 62 bytes failed: Only part of a ReadProcessMemory or WriteProcessMemory request was completed. (0x12B)
[0927/163706.457:ERROR:process_memory_win.cc(73)] ReadMemory at 0x5006bb0 of 72 bytes failed: Only part of a ReadProcessMemory or WriteProcessMemory request was completed. (0x12B)
[0927/163706.457:ERROR:process_memory_win.cc(73)] ReadMemory at 0x5006c98 of 60 bytes failed: Only part of a ReadProcessMemory or WriteProcessMemory request was completed. (0x12B)
[0927/163706.490:ERROR:process_memory_win.cc(73)] ReadMemory at 0x5012b58 of 72 bytes failed: Only part of a ReadProcessMemory or WriteProcessMemory request was completed. (0x12B)
[0927/163706.490:ERROR:process_memory_win.cc(73)] ReadMemory at 0x5012f50 of 62 bytes failed: Only part of a ReadProcessMemory or WriteProcessMemory request was completed. (0x12B)
[0927/163706.490:ERROR:process_memory_win.cc(73)] ReadMemory at 0x5013028 of 62 bytes failed: Only part of a ReadProcessMemory or WriteProcessMemory request was completed. (0x12B)
[0927/163706.490:ERROR:process_memory_win.cc(73)] ReadMemory at 0x5013148 of 60 bytes failed: Only part of a ReadProcessMemory or WriteProcessMemory request was completed. (0x12B)
[0927/163706.491:ERROR:process_memory_win.cc(73)] ReadMemory at 0x5013190 of 58 bytes failed: Only part of a ReadProcessMemory or WriteProcessMemory request was completed. (0x12B)
[0927/163706.491:ERROR:process_memory_win.cc(73)] ReadMemory at 0x5013220 of 60 bytes failed: Only part of a ReadProcessMemory or WriteProcessMemory request was completed. (0x12B)
[0927/163706.491:ERROR:process_memory_win.cc(73)] ReadMemory at 0x5013268 of 62 bytes failed: Only part of a ReadProcessMemory or WriteProcessMemory request was completed. (0x12B)
[0927/163706.491:ERROR:process_memory_win.cc(73)] ReadMemory at 0x50132b0 of 62 bytes failed: Only part of a ReadProcessMemory or WriteProcessMemory request was completed. (0x12B)
[0927/163706.491:ERROR:process_memory_win.cc(73)] ReadMemory at 0x5013340 of 62 bytes failed: Only part of a ReadProcessMemory or WriteProcessMemory request was completed. (0x12B)
[0927/163706.491:ERROR:process_memory_win.cc(73)] ReadMemory at 0x5013388 of 62 bytes failed: Only part of a ReadProcessMemory or WriteProcessMemory request was completed. (0x12B)
[0927/163706.492:ERROR:process_memory_win.cc(73)] ReadMemory at 0x50133d0 of 62 bytes failed: Only part of a ReadProcessMemory or WriteProcessMemory request was completed. (0x12B)
[0927/163706.492:ERROR:process_memory_win.cc(73)] ReadMemory at 0x5013460 of 62 bytes failed: Only part of a ReadProcessMemory or WriteProcessMemory request was completed. (0x12B)
[0927/163706.492:ERROR:process_memory_win.cc(73)] ReadMemory at 0x50134a8 of 60 bytes failed: Only part of a ReadProcessMemory or WriteProcessMemory request was completed. (0x12B)
[0927/163706.492:ERROR:process_memory_win.cc(73)] ReadMemory at 0x50135f0 of 72 bytes failed: Only part of a ReadProcessMemory or WriteProcessMemory request was completed. (0x12B)
[0927/163706.492:ERROR:process_memory_win.cc(73)] ReadMemory at 0x50136a0 of 72 bytes failed: Only part of a ReadProcessMemory or WriteProcessMemory request was completed. (0x12B)
[0927/163706.492:ERROR:process_memory_win.cc(73)] ReadMemory at 0x5013750 of 72 bytes failed: Only part of a ReadProcessMemory or WriteProcessMemory request was completed. (0x12B)
[0927/163706.492:ERROR:process_memory_win.cc(73)] ReadMemory at 0x5013800 of 72 bytes failed: Only part of a ReadProcessMemory or WriteProcessMemory request was completed. (0x12B)
[0927/163706.493:ERROR:process_memory_win.cc(73)] ReadMemory at 0x50138b0 of 72 bytes failed: Only part of a ReadProcessMemory or WriteProcessMemory request was completed. (0x12B)
[0927/163706.493:ERROR:process_memory_win.cc(73)] ReadMemory at 0x5013960 of 72 bytes failed: Only part of a ReadProcessMemory or WriteProcessMemory request was completed. (0x12B)
[0927/163706.493:ERROR:process_memory_win.cc(73)] ReadMemory at 0x5013a10 of 72 bytes failed: Only part of a ReadProcessMemory or WriteProcessMemory request was completed. (0x12B)
[0927/163706.493:ERROR:process_memory_win.cc(73)] ReadMemory at 0x5013ac0 of 72 bytes failed: Only part of a ReadProcessMemory or WriteProcessMemory request was completed. (0x12B)
[0927/163706.493:ERROR:process_memory_win.cc(73)] ReadMemory at 0x5013b70 of 72 bytes failed: Only part of a ReadProcessMemory or WriteProcessMemory request was completed. (0x12B)
[0927/163706.493:ERROR:process_memory_win.cc(73)] ReadMemory at 0x5013c20 of 72 bytes failed: Only part of a ReadProcessMemory or WriteProcessMemory request was completed. (0x12B)
[0927/163706.494:ERROR:process_memory_win.cc(73)] ReadMemory at 0x5013d80 of 72 bytes failed: Only part of a ReadProcessMemory or WriteProcessMemory request was completed. (0x12B)
[0927/163706.494:ERROR:process_memory_win.cc(73)] ReadMemory at 0x5013e30 of 72 bytes failed: Only part of a ReadProcessMemory or WriteProcessMemory request was completed. (0x12B)
[0927/163706.494:ERROR:process_memory_win.cc(73)] ReadMemory at 0x5013ee0 of 72 bytes failed: Only part of a ReadProcessMemory or WriteProcessMemory request was completed. (0x12B)
[0927/163706.494:ERROR:process_memory_win.cc(73)] ReadMemory at 0x5013f90 of 72 bytes failed: Only part of a ReadProcessMemory or WriteProcessMemory request was completed. (0x12B)
[0927/163706.495:ERROR:process_memory_win.cc(73)] ReadMemory at 0x5014040 of 72 bytes failed: Only part of a ReadProcessMemory or WriteProcessMemory request was completed. (0x12B)
[0927/163706.495:ERROR:process_memory_win.cc(73)] ReadMemory at 0x50141a0 of 72 bytes failed: Only part of a ReadProcessMemory or WriteProcessMemory request was completed. (0x12B)
[0927/163706.495:ERROR:process_memory_win.cc(73)] ReadMemory at 0x5014250 of 72 bytes failed: Only part of a ReadProcessMemory or WriteProcessMemory request was completed. (0x12B)
[0927/163706.495:ERROR:process_memory_win.cc(73)] ReadMemory at 0x5014300 of 72 bytes failed: Only part of a ReadProcessMemory or WriteProcessMemory request was completed. (0x12B)
[0927/163706.495:ERROR:process_memory_win.cc(73)] ReadMemory at 0x50143b0 of 72 bytes failed: Only part of a ReadProcessMemory or WriteProcessMemory request was completed. (0x12B)
[0927/163706.495:ERROR:process_memory_win.cc(73)] ReadMemory at 0x5014460 of 72 bytes failed: Only part of a ReadProcessMemory or WriteProcessMemory request was completed. (0x12B)
[0927/163706.496:ERROR:process_memory_win.cc(73)] ReadMemory at 0x5014510 of 72 bytes failed: Only part of a ReadProcessMemory or WriteProcessMemory request was completed. (0x12B)
[0927/163706.496:ERROR:process_memory_win.cc(73)] ReadMemory at 0x5014990 of 80 bytes failed: Only part of a ReadProcessMemory or WriteProcessMemory request was completed. (0x12B)
[0927/163706.496:ERROR:process_memory_win.cc(73)] ReadMemory at 0x50163e8 of 72 bytes failed: Only part of a ReadProcessMemory or WriteProcessMemory request was completed. (0x12B)
[0927/163706.496:ERROR:process_memory_win.cc(73)] ReadMemory at 0x50165c8 of 72 bytes failed: Only part of a ReadProcessMemory or WriteProcessMemory request was completed. (0x12B)
[0927/163706.496:ERROR:process_memory_win.cc(73)] ReadMemory at 0x5016678 of 66 bytes failed: Only part of a ReadProcessMemory or WriteProcessMemory request was completed. (0x12B)
[0927/163706.497:ERROR:process_memory_win.cc(73)] ReadMemory at 0x5016738 of 72 bytes failed: Only part of a ReadProcessMemory or WriteProcessMemory request was completed. (0x12B)
[0927/163706.497:ERROR:process_memory_win.cc(73)] ReadMemory at 0x50167e8 of 64 bytes failed: Only part of a ReadProcessMemory or WriteProcessMemory request was completed. (0x12B)
[0927/163706.497:ERROR:process_memory_win.cc(73)] ReadMemory at 0x5016c10 of 64 bytes failed: Only part of a ReadProcessMemory or WriteProcessMemory request was completed. (0x12B)
[0927/163706.497:ERROR:process_memory_win.cc(73)] ReadMemory at 0x5016d80 of 64 bytes failed: Only part of a ReadProcessMemory or WriteProcessMemory request was completed. (0x12B)
[0927/163706.497:ERROR:process_memory_win.cc(73)] ReadMemory at 0x5018df0 of 146 bytes failed: Only part of a ReadProcessMemory or WriteProcessMemory request was completed. (0x12B)
[0927/163706.498:ERROR:process_memory_win.cc(73)] ReadMemory at 0x5019288 of 72 bytes failed: Only part of a ReadProcessMemory or WriteProcessMemory request was completed. (0x12B)
[0927/163706.498:ERROR:process_memory_win.cc(73)] ReadMemory at 0x50193c8 of 72 bytes failed: Only part of a ReadProcessMemory or WriteProcessMemory request was completed. (0x12B)
[0927/163706.498:ERROR:process_memory_win.cc(73)] ReadMemory at 0x501bdd8 of 72 bytes failed: Only part of a ReadProcessMemory or WriteProcessMemory request was completed. (0x12B)
[0927/163706.498:ERROR:process_memory_win.cc(73)] ReadMemory at 0x501be88 of 72 bytes failed: Only part of a ReadProcessMemory or WriteProcessMemory request was completed. (0x12B)
[0927/163706.498:ERROR:process_memory_win.cc(73)] ReadMemory at 0x501bfc8 of 64 bytes failed: Only part of a ReadProcessMemory or WriteProcessMemory request was completed. (0x12B)
[0927/163706.498:ERROR:process_memory_win.cc(73)] ReadMemory at 0x501c8c0 of 72 bytes failed: Only part of a ReadProcessMemory or WriteProcessMemory request was completed. (0x12B)
[0927/163706.498:ERROR:process_memory_win.cc(73)] ReadMemory at 0x501cc50 of 64 bytes failed: Only part of a ReadProcessMemory or WriteProcessMemory request was completed. (0x12B)
[0927/163706.499:ERROR:process_memory_win.cc(73)] ReadMemory at 0x501f890 of 64 bytes failed: Only part of a ReadProcessMemory or WriteProcessMemory request was completed. (0x12B)
[0927/163706.499:ERROR:process_memory_win.cc(73)] ReadMemory at 0x5020600 of 64 bytes failed: Only part of a ReadProcessMemory or WriteProcessMemory request was completed. (0x12B)
[0927/163706.499:ERROR:process_memory_win.cc(73)] ReadMemory at 0x5020bf0 of 66 bytes failed: Only part of a ReadProcessMemory or WriteProcessMemory request was completed. (0x12B)
[0927/163706.499:ERROR:process_memory_win.cc(73)] ReadMemory at 0x5022600 of 62 bytes failed: Only part of a ReadProcessMemory or WriteProcessMemory request was completed. (0x12B)
[0927/163706.499:ERROR:process_memory_win.cc(73)] ReadMemory at 0x5022690 of 62 bytes failed: Only part of a ReadProcessMemory or WriteProcessMemory request was completed. (0x12B)
[0927/163706.499:ERROR:process_memory_win.cc(73)] ReadMemory at 0x5022720 of 60 bytes failed: Only part of a ReadProcessMemory or WriteProcessMemory request was completed. (0x12B)
[0927/163706.499:ERROR:process_memory_win.cc(73)] ReadMemory at 0x5022768 of 60 bytes failed: Only part of a ReadProcessMemory or WriteProcessMemory request was completed. (0x12B)
[0927/163706.500:ERROR:process_memory_win.cc(73)] ReadMemory at 0x5022888 of 58 bytes failed: Only part of a ReadProcessMemory or WriteProcessMemory request was completed. (0x12B)
[0927/163706.500:ERROR:process_memory_win.cc(73)] ReadMemory at 0x50228d0 of 58 bytes failed: Only part of a ReadProcessMemory or WriteProcessMemory request was completed. (0x12B)
[0927/163706.500:ERROR:process_memory_win.cc(73)] ReadMemory at 0x50229a8 of 60 bytes failed: Only part of a ReadProcessMemory or WriteProcessMemory request was completed. (0x12B)
[0927/163706.500:ERROR:process_memory_win.cc(73)] ReadMemory at 0x5022a80 of 56 bytes failed: Only part of a ReadProcessMemory or WriteProcessMemory request was completed. (0x12B)
[0927/163706.500:ERROR:process_memory_win.cc(73)] ReadMemory at 0x5022b58 of 62 bytes failed: Only part of a ReadProcessMemory or WriteProcessMemory request was completed. (0x12B)
[0927/163706.500:ERROR:process_memory_win.cc(73)] ReadMemory at 0x5022d08 of 60 bytes failed: Only part of a ReadProcessMemory or WriteProcessMemory request was completed. (0x12B)
[0927/163706.501:ERROR:process_memory_win.cc(73)] ReadMemory at 0x5022de0 of 62 bytes failed: Only part of a ReadProcessMemory or WriteProcessMemory request was completed. (0x12B)
[0927/163706.501:ERROR:process_memory_win.cc(73)] ReadMemory at 0x502a098 of 80 bytes failed: Only part of a ReadProcessMemory or WriteProcessMemory request was completed. (0x12B)
[0927/163706.501:ERROR:process_memory_win.cc(73)] ReadMemory at 0x50312e8 of 78 bytes failed: Only part of a ReadProcessMemory or WriteProcessMemory request was completed. (0x12B)
[0927/163706.501:ERROR:process_memory_win.cc(73)] ReadMemory at 0x5046b28 of 72 bytes failed: Only part of a ReadProcessMemory or WriteProcessMemory request was completed. (0x12B)
[0927/163706.501:ERROR:process_memory_win.cc(73)] ReadMemory at 0x5046de8 of 72 bytes failed: Only part of a ReadProcessMemory or WriteProcessMemory request was completed. (0x12B)
[0927/163706.501:ERROR:process_memory_win.cc(73)] ReadMemory at 0x5046e98 of 72 bytes failed: Only part of a ReadProcessMemory or WriteProcessMemory request was completed. (0x12B)
[0927/163706.502:ERROR:process_memory_win.cc(73)] ReadMemory at 0x50470a8 of 72 bytes failed: Only part of a ReadProcessMemory or WriteProcessMemory request was completed. (0x12B)
[0927/163706.502:ERROR:process_memory_win.cc(73)] ReadMemory at 0x5047368 of 72 bytes failed: Only part of a ReadProcessMemory or WriteProcessMemory request was completed. (0x12B)
[0927/163706.502:ERROR:process_memory_win.cc(73)] ReadMemory at 0x5047a48 of 72 bytes failed: Only part of a ReadProcessMemory or WriteProcessMemory request was completed. (0x12B)
[0927/163706.502:ERROR:process_memory_win.cc(73)] ReadMemory at 0x5062df0 of 512 bytes failed: Only part of a ReadProcessMemory or WriteProcessMemory request was completed. (0x12B)
[0927/163706.502:ERROR:process_memory_win.cc(73)] ReadMemory at 0x506d438 of 512 bytes failed: Only part of a ReadProcessMemory or WriteProcessMemory request was completed. (0x12B)
[0927/163706.502:ERROR:process_memory_win.cc(73)] ReadMemory at 0x506e408 of 512 bytes failed: Only part of a ReadProcessMemory or WriteProcessMemory request was completed. (0x12B)
[0927/163706.503:ERROR:process_memory_win.cc(73)] ReadMemory at 0x508ecb8 of 528 bytes failed: Only part of a ReadProcessMemory or WriteProcessMemory request was completed. (0x12B)
[0927/163706.503:ERROR:process_memory_win.cc(73)] ReadMemory at 0x509fb9c of 704 bytes failed: Only part of a ReadProcessMemory or WriteProcessMemory request was completed. (0x12B)
[0927/163706.503:ERROR:process_memory_win.cc(73)] ReadMemory at 0x50ae860 of 512 bytes failed: Only part of a ReadProcessMemory or WriteProcessMemory request was completed. (0x12B)
[0927/163706.503:ERROR:process_memory_win.cc(73)] ReadMemory at 0x3ce0ffe0 of 512 bytes failed: Only part of a ReadProcessMemory or WriteProcessMemory request was completed. (0x12B)
[0927/163706.503:ERROR:process_memory_win.cc(73)] ReadMemory at 0x5e8934dc of 512 bytes failed: Only part of a ReadProcessMemory or WriteProcessMemory request was completed. (0x12B)
[0927/163706.503:ERROR:process_memory_win.cc(73)] ReadMemory at 0x76fa8280 of 18 bytes failed: Only part of a ReadProcessMemory or WriteProcessMemory request was completed. (0x12B)
[0927/163706.504:ERROR:process_memory_win.cc(73)] ReadMemory at 0x76ff0cd0 of 512 bytes failed: Only part of a ReadProcessMemory or WriteProcessMemory request was completed. (0x12B)
[0927/163706.504:ERROR:process_memory_win.cc(73)] ReadMemory at 0x7701148c of 592 bytes failed: Only part of a ReadProcessMemory or WriteProcessMemory request was completed. (0x12B)
[0927/163706.504:ERROR:process_memory_win.cc(73)] ReadMemory at 0x770117ac of 512 bytes failed: Only part of a ReadProcessMemory or WriteProcessMemory request was completed. (0x12B)
[0927/163706.504:ERROR:process_memory_win.cc(73)] ReadMemory at 0x7701316c of 560 bytes failed: Only part of a ReadProcessMemory or WriteProcessMemory request was completed. (0x12B)
[0927/163706.504:ERROR:process_memory_win.cc(73)] ReadMemory at 0x770c3390 of 24 bytes failed: Only part of a ReadProcessMemory or WriteProcessMemory request was completed. (0x12B)
[0927/163706.504:ERROR:process_memory_win.cc(73)] ReadMemory at 0x770c3714 of 32 bytes failed: Only part of a ReadProcessMemory or WriteProcessMemory request was completed. (0x12B)
[0927/163706.505:ERROR:process_memory_win.cc(73)] ReadMemory at 0x770c5d80 of 36 bytes failed: Only part of a ReadProcessMemory or WriteProcessMemory request was completed. (0x12B)
[0927/163706.526:ERROR:file_io_win.cc(162)] CreateFile C:\Users\SANDEE~1\AppData\Local\Temp\scoped_dir12188_1912670247\Crashpad\settings.dat: The system cannot find the file specified. (0x2)
[0927/163706.509:ERROR:scoped_process_suspend.cc(40)] NtResumeProcess: An attempt was made to access an exiting process. (0xc000010a)
[1011/195133.670:ERROR:directory_reader_win.cc(43)] FindFirstFile: The system cannot find the path specified. (0x3)
[1025/204541.507:ERROR:directory_reader_win.cc(43)] FindFirstFile: The system cannot find the path specified. (0x3)
[1025/213007.253:ERROR:directory_reader_win.cc(43)] FindFirstFile: The system cannot find the path specified. (0x3)
[1025/230105.964:ERROR:directory_reader_win.cc(43)] FindFirstFile: The system cannot find the path specified. (0x3)
[1029/133016.943:ERROR:directory_reader_win.cc(43)] FindFirstFile: The system cannot find the path specified. (0x3)
[1029/184930.268:ERROR:directory_reader_win.cc(43)] FindFirstFile: The system cannot find the path specified. (0x3)
[1123/220628.659:ERROR:directory_reader_win.cc(43)] FindFirstFile: The system cannot find the path specified. (0x3)
